app-view-flipper/build/intermediates/manifest_merge_blame_file/debug/manifest-merger-blame-debug-report.txt
1<?xml version="1.0" encoding="utf-8"?>
2<manifest xmlns:android="http://schemas.android.com/apk/res/android"
3    package="com.djamil.dynamicform"
4    android:versionCode="2"
5    android:versionName="1.0.6-beta11" >
6
7    <uses-sdk
8        android:minSdkVersion="17"
8-->src/main/AndroidManifest.xml
9        android:targetSdkVersion="30" />
9-->src/main/AndroidManifest.xml
10
11    <application
11-->src/main/AndroidManifest.xml:5:5-20:19
12        android:name="androidx.multidex.MultiDexApplication"
13        android:allowBackup="true"
13-->src/main/AndroidManifest.xml:6:9-35
14        android:appComponentFactory="androidx.core.app.CoreComponentFactory"
14-->[androidx.core:core:1.0.0] AndroidManifest.xml:22:18-86
15        android:debuggable="true"
16        android:icon="@drawable/ic_launcher"
16-->src/main/AndroidManifest.xml:7:9-45
17        android:label="@string/app_name"
17-->src/main/AndroidManifest.xml:8:9-41
18        android:theme="@style/AppTheme" >
18-->src/main/AndroidManifest.xml:9:9-40
19        <activity
19-->src/main/AndroidManifest.xml:10:9-19:20
20            android:name="com.byunghwa.demo.viewflipperwithindicator.MyActivity"
20-->src/main/AndroidManifest.xml:11:13-39
21            android:exported="true"
21-->src/main/AndroidManifest.xml:12:13-36
22            android:label="@string/app_name" >
22-->src/main/AndroidManifest.xml:13:13-45
23            <intent-filter>
23-->src/main/AndroidManifest.xml:14:13-18:29
24                <action android:name="android.intent.action.MAIN" />
24-->src/main/AndroidManifest.xml:15:17-69
24-->src/main/AndroidManifest.xml:15:25-66
25
26                <category android:name="android.intent.category.LAUNCHER" />
26-->src/main/AndroidManifest.xml:17:17-77
26-->src/main/AndroidManifest.xml:17:27-74
27            </intent-filter>
28        </activity>
29    </application>
30
31</manifest>